2018-06-17 15:18:03,556 - ping.server - INFO - Starting server...
2018-06-17 15:18:03,559 - ping.server - INFO - Loaded config.json successfully
2018-06-17 15:18:03,922 - ping.server - INFO - Starting server...
2018-06-17 15:18:03,922 - ping.server - INFO - Loaded config.json successfully
2018-06-17 15:18:03,940 - ping.server - INFO - Adding blueprints to server API
2018-06-17 15:18:03,947 - ping.server - INFO - Listening on 0.0.0.0:8080
2018-06-17 15:18:55,504 - ping.server - INFO - Starting server...
2018-06-17 15:18:55,507 - ping.server - INFO - Loaded config.json successfully
2018-06-17 15:18:55,855 - ping.server - INFO - Loaded config.json successfully
2018-06-17 15:18:55,869 - ping.server - INFO - Adding blueprints to server API
2018-06-17 15:18:55,877 - ping.server - INFO - Listening on 0.0.0.0:8080
2018-06-17 15:19:15,556 - ping.server - INFO - --------------------
2018-06-17 15:19:15,556 - ping.server - INFO - Starting server...
2018-06-17 15:19:15,561 - ping.server - INFO - Loaded config.json successfully
2018-06-17 15:19:15,956 - ping.server - INFO - Loaded config.json successfully
2018-06-17 15:19:15,972 - ping.server - INFO - Adding blueprints to server API
2018-06-17 15:19:15,980 - ping.server - INFO - Listening on 0.0.0.0:8080
2018-06-17 15:19:25,992 - ping.server - INFO - ----------------------------------------
2018-06-17 15:19:25,992 - ping.server - INFO - Starting server...
2018-06-17 15:19:25,995 - ping.server - INFO - Loaded config.json successfully
2018-06-17 15:19:26,350 - ping.server - INFO - Loaded config.json successfully
2018-06-17 15:19:26,367 - ping.server - INFO - Adding blueprints to server API
2018-06-17 15:19:26,374 - ping.server - INFO - Listening on 0.0.0.0:8080
2018-06-17 15:19:55,534 - ping.server - INFO - ----------------------------------------
2018-06-17 15:19:55,534 - ping.server - INFO - Preparing server for launch...
2018-06-17 15:19:55,537 - ping.server - INFO - Loaded config.json successfully
2018-06-17 15:19:55,879 - ping.server - INFO - Loaded config.json successfully
2018-06-17 15:19:55,894 - ping.server - INFO - Adding blueprints to server API
2018-06-17 15:19:55,900 - ping.server - INFO - Listening on 0.0.0.0:8080
2018-06-17 15:27:12,847 - ping.server - INFO - ----------------------------------------
2018-06-17 15:27:12,847 - ping.server - INFO - Preparing server for launch...
2018-06-17 15:27:12,850 - ping.server - INFO - Loaded config.json successfully
2018-06-17 15:27:30,627 - ping.server - INFO - ----------------------------------------
2018-06-17 15:27:30,627 - ping.server - INFO - Preparing server for launch...
2018-06-17 15:27:30,629 - ping.server - INFO - Loaded config.json successfully
2018-06-17 15:28:11,363 - ping.server - INFO - ----------------------------------------
2018-06-17 15:28:11,364 - ping.server - INFO - Preparing server for launch...
2018-06-17 15:28:11,367 - ping.server - INFO - Loaded config.json successfully
2018-06-17 15:28:16,232 - ping.server - INFO - ----------------------------------------
2018-06-17 15:28:16,232 - ping.server - INFO - Preparing server for launch...
2018-06-17 15:28:16,235 - ping.server - INFO - Loaded config.json successfully
2018-06-17 15:28:23,170 - ping.server - INFO - ----------------------------------------
2018-06-17 15:28:23,170 - ping.server - INFO - Preparing server for launch...
2018-06-17 15:28:23,173 - ping.server - INFO - Loaded config.json successfully
2018-06-17 15:28:23,533 - ping.server - INFO - Loaded config.json successfully
2018-06-17 15:28:23,549 - ping.server - INFO - Adding blueprints to server API
2018-06-17 15:28:23,556 - ping.server - INFO - Listening on 0.0.0.0:8080
